c:\users\pablo\desktop\proyecto1edd_201800464\debug\vc142.pdb
c:\users\pablo\desktop\proyecto1edd_201800464\debug\vc142.idb
c:\users\pablo\desktop\proyecto1edd_201800464\debug\proyecto1edd_201800464.obj
c:\users\pablo\desktop\proyecto1edd_201800464\debug\matriz_dispersa.obj
c:\users\pablo\desktop\proyecto1edd_201800464\debug\listasimpleordenada.obj
c:\users\pablo\desktop\proyecto1edd_201800464\debug\listadoblecircular.obj
c:\users\pablo\desktop\proyecto1edd_201800464\debug\listadoble.obj
c:\users\pablo\desktop\proyecto1edd_201800464\debug\jugador.obj
c:\users\pablo\desktop\proyecto1edd_201800464\debug\cola.obj
c:\users\pablo\desktop\proyecto1edd_201800464\debug\arbol.obj
c:\users\pablo\desktop\proyecto1edd_201800464\debug\proyecto1edd_201800464.exe
c:\users\pablo\desktop\proyecto1edd_201800464\debug\proyecto1edd_201800464.ilk
c:\users\pablo\desktop\proyecto1edd_201800464\debug\proyecto1edd_201800464.pdb
c:\users\pablo\desktop\proyecto1edd_201800464\debug\proyecto1edd_201800464.res
c:\users\pablo\desktop\proyecto1edd_201800464\debug\proyecto.58cc97ab.tlog\cl.command.1.tlog
c:\users\pablo\desktop\proyecto1edd_201800464\debug\proyecto.58cc97ab.tlog\cl.read.1.tlog
c:\users\pablo\desktop\proyecto1edd_201800464\debug\proyecto.58cc97ab.tlog\cl.write.1.tlog
c:\users\pablo\desktop\proyecto1edd_201800464\debug\proyecto.58cc97ab.tlog\link.command.1.tlog
c:\users\pablo\desktop\proyecto1edd_201800464\debug\proyecto.58cc97ab.tlog\link.read.1.tlog
c:\users\pablo\desktop\proyecto1edd_201800464\debug\proyecto.58cc97ab.tlog\link.write.1.tlog
c:\users\pablo\desktop\proyecto1edd_201800464\debug\proyecto.58cc97ab.tlog\rc.command.1.tlog
c:\users\pablo\desktop\proyecto1edd_201800464\debug\proyecto.58cc97ab.tlog\rc.read.1.tlog
c:\users\pablo\desktop\proyecto1edd_201800464\debug\proyecto.58cc97ab.tlog\rc.write.1.tlog
